[debug] [2023-05-21T17:48:55.606Z] ----------------------------------------------------------------------
[debug] [2023-05-21T17:48:55.607Z] Command:       C:\Programs\Coding\NodeJs\node.exe C:\Users\50230\AppData\Roaming\npm\node_modules\firebase-tools\lib\bin\firebase.js deploy
[debug] [2023-05-21T17:48:55.608Z] CLI Version:   12.0.1
[debug] [2023-05-21T17:48:55.608Z] Platform:      win32
[debug] [2023-05-21T17:48:55.608Z] Node Version:  v18.15.0
[debug] [2023-05-21T17:48:55.609Z] Time:          Sun May 21 2023 11:48:55 GMT-0600 (Central Standard Time)
[debug] [2023-05-21T17:48:55.609Z] ----------------------------------------------------------------------
[debug] 
[debug] [2023-05-21T17:48:55.619Z] >>> [apiv2][query] GET https://firebase-public.firebaseio.com/cli.json [none]
[debug] [2023-05-21T17:48:55.714Z] > command requires scopes: ["email","openid","https://www.googleapis.com/auth/cloudplatformprojects.readonly","https://www.googleapis.com/auth/firebase","https://www.googleapis.com/auth/cloud-platform"]
[debug] [2023-05-21T17:48:55.714Z] > authorizing via signed-in user (mar21430@uvg.edu.gt)
[debug] [2023-05-21T17:48:55.715Z] [iam] checking project itsi-project for permissions ["firebase.projects.get","firebasedatabase.instances.update","firebasehosting.sites.update"]
[debug] [2023-05-21T17:48:55.715Z] > refreshing access token with scopes: []
[debug] [2023-05-21T17:48:55.716Z] >>> [apiv2][query] POST https://www.googleapis.com/oauth2/v3/token [none]
[debug] [2023-05-21T17:48:55.716Z] >>> [apiv2][body] POST https://www.googleapis.com/oauth2/v3/token [omitted]
[debug] [2023-05-21T17:48:55.980Z] <<< [apiv2][status] GET https://firebase-public.firebaseio.com/cli.json 200
[debug] [2023-05-21T17:48:55.981Z] <<< [apiv2][body] GET https://firebase-public.firebaseio.com/cli.json {"cloudBuildErrorAfter":1594252800000,"cloudBuildWarnAfter":1590019200000,"defaultNode10After":1594252800000,"minVersion":"3.0.5","node8DeploysDisabledAfter":1613390400000,"node8RuntimeDisabledAfter":1615809600000,"node8WarnAfter":1600128000000}
[debug] [2023-05-21T17:48:56.005Z] <<< [apiv2][status] POST https://www.googleapis.com/oauth2/v3/token 200
[debug] [2023-05-21T17:48:56.005Z] <<< [apiv2][body] POST https://www.googleapis.com/oauth2/v3/token [omitted]
[debug] [2023-05-21T17:48:56.018Z] >>> [apiv2][query] POST https://cloudresourcemanager.googleapis.com/v1/projects/itsi-project:testIamPermissions [none]
[debug] [2023-05-21T17:48:56.018Z] >>> [apiv2][(partial)header] POST https://cloudresourcemanager.googleapis.com/v1/projects/itsi-project:testIamPermissions x-goog-quota-user=projects/itsi-project
[debug] [2023-05-21T17:48:56.018Z] >>> [apiv2][body] POST https://cloudresourcemanager.googleapis.com/v1/projects/itsi-project:testIamPermissions {"permissions":["firebase.projects.get","firebasedatabase.instances.update","firebasehosting.sites.update"]}
