[debug] [2023-05-18T21:45:30.626Z] ----------------------------------------------------------------------
[debug] [2023-05-18T21:45:30.628Z] Command:       C:\Programs\Coding\NodeJs\node.exe C:\Users\50230\AppData\Roaming\npm\node_modules\firebase-tools\lib\bin\firebase.js deploy
[debug] [2023-05-18T21:45:30.628Z] CLI Version:   12.0.1
[debug] [2023-05-18T21:45:30.629Z] Platform:      win32
[debug] [2023-05-18T21:45:30.629Z] Node Version:  v18.15.0
[debug] [2023-05-18T21:45:30.629Z] Time:          Thu May 18 2023 15:45:30 GMT-0600 (Central Standard Time)
[debug] [2023-05-18T21:45:30.630Z] ----------------------------------------------------------------------
[debug] 
[debug] [2023-05-18T21:45:30.692Z] > command requires scopes: ["email","openid","https://www.googleapis.com/auth/cloudplatformprojects.readonly","https://www.googleapis.com/auth/firebase","https://www.googleapis.com/auth/cloud-platform"]
[debug] [2023-05-18T21:45:30.692Z] > authorizing via signed-in user (mar21430@uvg.edu.gt)
[debug] [2023-05-18T21:45:30.692Z] [iam] checking project itsi-react-next for permissions ["firebase.projects.get","firebasedatabase.instances.update","firebasehosting.sites.update"]
[debug] [2023-05-18T21:45:30.694Z] >>> [apiv2][query] POST https://cloudresourcemanager.googleapis.com/v1/projects/itsi-react-next:testIamPermissions [none]
[debug] [2023-05-18T21:45:30.694Z] >>> [apiv2][(partial)header] POST https://cloudresourcemanager.googleapis.com/v1/projects/itsi-react-next:testIamPermissions x-goog-quota-user=projects/itsi-react-next
[debug] [2023-05-18T21:45:30.695Z] >>> [apiv2][body] POST https://cloudresourcemanager.googleapis.com/v1/projects/itsi-react-next:testIamPermissions {"permissions":["firebase.projects.get","firebasedatabase.instances.update","firebasehosting.sites.update"]}
[debug] [2023-05-18T21:45:31.103Z] <<< [apiv2][status] POST https://cloudresourcemanager.googleapis.com/v1/projects/itsi-react-next:testIamPermissions 200
[debug] [2023-05-18T21:45:31.103Z] <<< [apiv2][body] POST https://cloudresourcemanager.googleapis.com/v1/projects/itsi-react-next:testIamPermissions {"permissions":["firebase.projects.get","firebasedatabase.instances.update","firebasehosting.sites.update"]}
[debug] [2023-05-18T21:45:31.105Z] >>> [apiv2][query] GET https://firebase.googleapis.com/v1beta1/projects/itsi-react-next [none]
[debug] [2023-05-18T21:45:31.503Z] <<< [apiv2][status] GET https://firebase.googleapis.com/v1beta1/projects/itsi-react-next 200
[debug] [2023-05-18T21:45:31.503Z] <<< [apiv2][body] GET https://firebase.googleapis.com/v1beta1/projects/itsi-react-next {"projectId":"itsi-react-next","projectNumber":"938275106431","displayName":"ITSI-React","name":"projects/itsi-react-next","resources":{"hostingSite":"itsi-react-next","realtimeDatabaseInstance":"itsi-react-next-default-rtdb"},"state":"ACTIVE","etag":"1_8dbe3690-5f45-4c94-9c5e-f4ee4825b8ea"}
[debug] [2023-05-18T21:45:31.504Z] >>> [apiv2][query] GET https://firebase.googleapis.com/v1beta1/projects/itsi-react-next [none]
[debug] [2023-05-18T21:45:31.892Z] <<< [apiv2][status] GET https://firebase.googleapis.com/v1beta1/projects/itsi-react-next 200
[debug] [2023-05-18T21:45:31.892Z] <<< [apiv2][body] GET https://firebase.googleapis.com/v1beta1/projects/itsi-react-next {"projectId":"itsi-react-next","projectNumber":"938275106431","displayName":"ITSI-React","name":"projects/itsi-react-next","resources":{"hostingSite":"itsi-react-next","realtimeDatabaseInstance":"itsi-react-next-default-rtdb"},"state":"ACTIVE","etag":"1_8dbe3690-5f45-4c94-9c5e-f4ee4825b8ea"}
[debug] [2023-05-18T21:45:36.572Z] >>> [apiv2][query] GET https://firebasehosting.googleapis.com/v1beta1/projects/itsi-react-next/sites pageToken=&pageSize=10
[debug] [2023-05-18T21:45:37.247Z] <<< [apiv2][status] GET https://firebasehosting.googleapis.com/v1beta1/projects/itsi-react-next/sites 200
[debug] [2023-05-18T21:45:37.247Z] <<< [apiv2][body] GET https://firebasehosting.googleapis.com/v1beta1/projects/itsi-react-next/sites {"sites":[{"name":"projects/itsi-react-next/sites/itsi-react-next","defaultUrl":"https://itsi-react-next.web.app","appId":"1:938275106431:web:79c551d2ca75daf054594a","type":"DEFAULT_SITE"}]}
[debug] [2023-05-18T21:45:37.248Z] >>> [apiv2][query] GET https://firebase.googleapis.com/v1beta1/projects/-/webApps/1:938275106431:web:79c551d2ca75daf054594a/config [none]
[debug] [2023-05-18T21:45:37.858Z] <<< [apiv2][status] GET https://firebase.googleapis.com/v1beta1/projects/-/webApps/1:938275106431:web:79c551d2ca75daf054594a/config 200
[debug] [2023-05-18T21:45:37.858Z] <<< [apiv2][body] GET https://firebase.googleapis.com/v1beta1/projects/-/webApps/1:938275106431:web:79c551d2ca75daf054594a/config {"projectId":"itsi-react-next","appId":"1:938275106431:web:79c551d2ca75daf054594a","databaseURL":"https://itsi-react-next-default-rtdb.firebaseio.com","storageBucket":"itsi-react-next.appspot.com","apiKey":"AIzaSyCF2BobbDoQWxTeHKoUkxVLv4IL93BRpEY","authDomain":"itsi-react-next.firebaseapp.com","messagingSenderId":"938275106431"}
[debug] [2023-05-18T21:46:10.976Z] Error: Export encountered errors on following paths:
	/home
	/home/Home
	/page: /
    at D:\UVG\Lab-Web-Uvg\proyecto-2\node_modules\next\dist\export\index.js:613:19
    at process.processTicksAndRejections (node:internal/process/task_queues:95:5)
    at async Span.traceAsyncFn (D:\UVG\Lab-Web-Uvg\proyecto-2\node_modules\next\dist\trace\trace.js:103:20)
    at async D:\UVG\Lab-Web-Uvg\proyecto-2\node_modules\next\dist\build\index.js:1511:21
    at async Span.traceAsyncFn (D:\UVG\Lab-Web-Uvg\proyecto-2\node_modules\next\dist\trace\trace.js:103:20)
    at async D:\UVG\Lab-Web-Uvg\proyecto-2\node_modules\next\dist\build\index.js:1367:17
    at async Span.traceAsyncFn (D:\UVG\Lab-Web-Uvg\proyecto-2\node_modules\next\dist\trace\trace.js:103:20)
    at async build (D:\UVG\Lab-Web-Uvg\proyecto-2\node_modules\next\dist\build\index.js:145:29)
    at async build (C:\Users\50230\AppData\Roaming\npm\node_modules\firebase-tools\lib\frameworks\next\index.js:56:5)
    at async prepareFrameworks (C:\Users\50230\AppData\Roaming\npm\node_modules\firebase-tools\lib\frameworks\index.js:207:122)
[error] 
[error] Error: An unexpected error has occurred.
[debug] [2023-05-18T21:47:45.574Z] ----------------------------------------------------------------------
[debug] [2023-05-18T21:47:45.575Z] Command:       C:\Programs\Coding\NodeJs\node.exe C:\Users\50230\AppData\Roaming\npm\node_modules\firebase-tools\lib\bin\firebase.js deploy
[debug] [2023-05-18T21:47:45.576Z] CLI Version:   11.29.0
[debug] [2023-05-18T21:47:45.576Z] Platform:      win32
[debug] [2023-05-18T21:47:45.576Z] Node Version:  v18.15.0
[debug] [2023-05-18T21:47:45.577Z] Time:          Thu May 18 2023 15:47:45 GMT-0600 (Central Standard Time)
[debug] [2023-05-18T21:47:45.577Z] ----------------------------------------------------------------------
[debug] 
[debug] [2023-05-18T21:47:45.647Z] > command requires scopes: ["email","openid","https://www.googleapis.com/auth/cloudplatformprojects.readonly","https://www.googleapis.com/auth/firebase","https://www.googleapis.com/auth/cloud-platform"]
[debug] [2023-05-18T21:47:45.648Z] > authorizing via signed-in user (mar21430@uvg.edu.gt)
[debug] [2023-05-18T21:47:45.648Z] [iam] checking project itsi-react-next for permissions ["firebase.projects.get","firebasedatabase.instances.update","firebasehosting.sites.update"]
[debug] [2023-05-18T21:47:45.650Z] >>> [apiv2][query] POST https://cloudresourcemanager.googleapis.com/v1/projects/itsi-react-next:testIamPermissions [none]
[debug] [2023-05-18T21:47:45.650Z] >>> [apiv2][(partial)header] POST https://cloudresourcemanager.googleapis.com/v1/projects/itsi-react-next:testIamPermissions x-goog-quota-user=projects/itsi-react-next
[debug] [2023-05-18T21:47:45.650Z] >>> [apiv2][body] POST https://cloudresourcemanager.googleapis.com/v1/projects/itsi-react-next:testIamPermissions {"permissions":["firebase.projects.get","firebasedatabase.instances.update","firebasehosting.sites.update"]}
[debug] [2023-05-18T21:47:45.985Z] <<< [apiv2][status] POST https://cloudresourcemanager.googleapis.com/v1/projects/itsi-react-next:testIamPermissions 200
[debug] [2023-05-18T21:47:45.985Z] <<< [apiv2][body] POST https://cloudresourcemanager.googleapis.com/v1/projects/itsi-react-next:testIamPermissions {"permissions":["firebase.projects.get","firebasedatabase.instances.update","firebasehosting.sites.update"]}
[debug] [2023-05-18T21:47:45.986Z] >>> [apiv2][query] GET https://firebase.googleapis.com/v1beta1/projects/itsi-react-next [none]
[debug] [2023-05-18T21:47:46.399Z] <<< [apiv2][status] GET https://firebase.googleapis.com/v1beta1/projects/itsi-react-next 200
[debug] [2023-05-18T21:47:46.399Z] <<< [apiv2][body] GET https://firebase.googleapis.com/v1beta1/projects/itsi-react-next {"projectId":"itsi-react-next","projectNumber":"938275106431","displayName":"ITSI-React","name":"projects/itsi-react-next","resources":{"hostingSite":"itsi-react-next","realtimeDatabaseInstance":"itsi-react-next-default-rtdb"},"state":"ACTIVE","etag":"1_8dbe3690-5f45-4c94-9c5e-f4ee4825b8ea"}
[debug] [2023-05-18T21:47:46.400Z] >>> [apiv2][query] GET https://firebase.googleapis.com/v1beta1/projects/itsi-react-next [none]
[debug] [2023-05-18T21:47:46.828Z] <<< [apiv2][status] GET https://firebase.googleapis.com/v1beta1/projects/itsi-react-next 200
[debug] [2023-05-18T21:47:46.829Z] <<< [apiv2][body] GET https://firebase.googleapis.com/v1beta1/projects/itsi-react-next {"projectId":"itsi-react-next","projectNumber":"938275106431","displayName":"ITSI-React","name":"projects/itsi-react-next","resources":{"hostingSite":"itsi-react-next","realtimeDatabaseInstance":"itsi-react-next-default-rtdb"},"state":"ACTIVE","etag":"1_8dbe3690-5f45-4c94-9c5e-f4ee4825b8ea"}
[debug] [2023-05-18T21:47:51.551Z] >>> [apiv2][query] GET https://firebasehosting.googleapis.com/v1beta1/projects/itsi-react-next/sites pageToken=&pageSize=10
[debug] [2023-05-18T21:47:52.133Z] <<< [apiv2][status] GET https://firebasehosting.googleapis.com/v1beta1/projects/itsi-react-next/sites 200
[debug] [2023-05-18T21:47:52.133Z] <<< [apiv2][body] GET https://firebasehosting.googleapis.com/v1beta1/projects/itsi-react-next/sites {"sites":[{"name":"projects/itsi-react-next/sites/itsi-react-next","defaultUrl":"https://itsi-react-next.web.app","appId":"1:938275106431:web:79c551d2ca75daf054594a","type":"DEFAULT_SITE"}]}
[debug] [2023-05-18T21:47:52.133Z] >>> [apiv2][query] GET https://firebase.googleapis.com/v1beta1/projects/-/webApps/1:938275106431:web:79c551d2ca75daf054594a/config [none]
[debug] [2023-05-18T21:47:52.748Z] <<< [apiv2][status] GET https://firebase.googleapis.com/v1beta1/projects/-/webApps/1:938275106431:web:79c551d2ca75daf054594a/config 200
[debug] [2023-05-18T21:47:52.748Z] <<< [apiv2][body] GET https://firebase.googleapis.com/v1beta1/projects/-/webApps/1:938275106431:web:79c551d2ca75daf054594a/config {"projectId":"itsi-react-next","appId":"1:938275106431:web:79c551d2ca75daf054594a","databaseURL":"https://itsi-react-next-default-rtdb.firebaseio.com","storageBucket":"itsi-react-next.appspot.com","apiKey":"AIzaSyCF2BobbDoQWxTeHKoUkxVLv4IL93BRpEY","authDomain":"itsi-react-next.firebaseapp.com","messagingSenderId":"938275106431"}
[debug] [2023-05-18T21:48:10.892Z] Error: Export encountered errors on following paths:
	/home
	/home/Home
	/page: /
    at D:\UVG\Lab-Web-Uvg\proyecto-2\node_modules\next\dist\export\index.js:613:19
    at process.processTicksAndRejections (node:internal/process/task_queues:95:5)
    at async Span.traceAsyncFn (D:\UVG\Lab-Web-Uvg\proyecto-2\node_modules\next\dist\trace\trace.js:103:20)
    at async D:\UVG\Lab-Web-Uvg\proyecto-2\node_modules\next\dist\build\index.js:1511:21
    at async Span.traceAsyncFn (D:\UVG\Lab-Web-Uvg\proyecto-2\node_modules\next\dist\trace\trace.js:103:20)
    at async D:\UVG\Lab-Web-Uvg\proyecto-2\node_modules\next\dist\build\index.js:1367:17
    at async Span.traceAsyncFn (D:\UVG\Lab-Web-Uvg\proyecto-2\node_modules\next\dist\trace\trace.js:103:20)
    at async build (D:\UVG\Lab-Web-Uvg\proyecto-2\node_modules\next\dist\build\index.js:145:29)
    at async build (C:\Users\50230\AppData\Roaming\npm\node_modules\firebase-tools\lib\frameworks\next\index.js:55:5)
    at async prepareFrameworks (C:\Users\50230\AppData\Roaming\npm\node_modules\firebase-tools\lib\frameworks\index.js:286:108)
    at async deploy (C:\Users\50230\AppData\Roaming\npm\node_modules\firebase-tools\lib\deploy\index.js:53:13)
[error] 
[error] Error: An unexpected error has occurred.
[debug] [2023-05-18T21:50:36.688Z] ----------------------------------------------------------------------
[debug] [2023-05-18T21:50:36.690Z] Command:       C:\Programs\Coding\NodeJs\node.exe C:\Users\50230\AppData\Roaming\npm\node_modules\firebase-tools\lib\bin\firebase.js serve
[debug] [2023-05-18T21:50:36.690Z] CLI Version:   11.29.0
[debug] [2023-05-18T21:50:36.690Z] Platform:      win32
[debug] [2023-05-18T21:50:36.690Z] Node Version:  v18.15.0
[debug] [2023-05-18T21:50:36.691Z] Time:          Thu May 18 2023 15:50:36 GMT-0600 (Central Standard Time)
[debug] [2023-05-18T21:50:36.691Z] ----------------------------------------------------------------------
[debug] 
[debug] [2023-05-18T21:50:36.778Z] > command requires scopes: ["email","openid","https://www.googleapis.com/auth/cloudplatformprojects.readonly","https://www.googleapis.com/auth/firebase","https://www.googleapis.com/auth/cloud-platform"]
[debug] [2023-05-18T21:50:36.778Z] > authorizing via signed-in user (mar21430@uvg.edu.gt)
[debug] [2023-05-18T21:50:36.778Z] [iam] checking project itsi-react-next for permissions ["firebase.projects.get"]
[debug] [2023-05-18T21:50:36.780Z] >>> [apiv2][query] POST https://cloudresourcemanager.googleapis.com/v1/projects/itsi-react-next:testIamPermissions [none]
[debug] [2023-05-18T21:50:36.780Z] >>> [apiv2][(partial)header] POST https://cloudresourcemanager.googleapis.com/v1/projects/itsi-react-next:testIamPermissions x-goog-quota-user=projects/itsi-react-next
[debug] [2023-05-18T21:50:36.780Z] >>> [apiv2][body] POST https://cloudresourcemanager.googleapis.com/v1/projects/itsi-react-next:testIamPermissions {"permissions":["firebase.projects.get"]}
[debug] [2023-05-18T21:50:37.132Z] <<< [apiv2][status] POST https://cloudresourcemanager.googleapis.com/v1/projects/itsi-react-next:testIamPermissions 200
[debug] [2023-05-18T21:50:37.132Z] <<< [apiv2][body] POST https://cloudresourcemanager.googleapis.com/v1/projects/itsi-react-next:testIamPermissions {"permissions":["firebase.projects.get"]}
[debug] [2023-05-18T21:50:37.133Z] >>> [apiv2][query] GET https://firebase.googleapis.com/v1beta1/projects/itsi-react-next [none]
[debug] [2023-05-18T21:50:37.645Z] <<< [apiv2][status] GET https://firebase.googleapis.com/v1beta1/projects/itsi-react-next 200
[debug] [2023-05-18T21:50:37.645Z] <<< [apiv2][body] GET https://firebase.googleapis.com/v1beta1/projects/itsi-react-next {"projectId":"itsi-react-next","projectNumber":"938275106431","displayName":"ITSI-React","name":"projects/itsi-react-next","resources":{"hostingSite":"itsi-react-next","realtimeDatabaseInstance":"itsi-react-next-default-rtdb"},"state":"ACTIVE","etag":"1_8dbe3690-5f45-4c94-9c5e-f4ee4825b8ea"}
[info] 
[info] === Serving from 'D:\UVG\Lab-Web-Uvg\proyecto-2'...
[info] 
[debug] [2023-05-18T21:50:37.648Z] >>> [apiv2][query] GET https://firebase.googleapis.com/v1beta1/projects/itsi-react-next [none]
[debug] [2023-05-18T21:50:38.047Z] <<< [apiv2][status] GET https://firebase.googleapis.com/v1beta1/projects/itsi-react-next 200
[debug] [2023-05-18T21:50:38.047Z] <<< [apiv2][body] GET https://firebase.googleapis.com/v1beta1/projects/itsi-react-next {"projectId":"itsi-react-next","projectNumber":"938275106431","displayName":"ITSI-React","name":"projects/itsi-react-next","resources":{"hostingSite":"itsi-react-next","realtimeDatabaseInstance":"itsi-react-next-default-rtdb"},"state":"ACTIVE","etag":"1_8dbe3690-5f45-4c94-9c5e-f4ee4825b8ea"}
[debug] [2023-05-18T21:50:42.883Z] >>> [apiv2][query] GET https://firebasehosting.googleapis.com/v1beta1/projects/itsi-react-next/sites pageToken=&pageSize=10
[debug] [2023-05-18T21:50:43.471Z] <<< [apiv2][status] GET https://firebasehosting.googleapis.com/v1beta1/projects/itsi-react-next/sites 200
[debug] [2023-05-18T21:50:43.471Z] <<< [apiv2][body] GET https://firebasehosting.googleapis.com/v1beta1/projects/itsi-react-next/sites {"sites":[{"name":"projects/itsi-react-next/sites/itsi-react-next","defaultUrl":"https://itsi-react-next.web.app","appId":"1:938275106431:web:79c551d2ca75daf054594a","type":"DEFAULT_SITE"}]}
[debug] [2023-05-18T21:50:43.472Z] >>> [apiv2][query] GET https://firebase.googleapis.com/v1beta1/projects/-/webApps/1:938275106431:web:79c551d2ca75daf054594a/config [none]
[debug] [2023-05-18T21:50:44.021Z] <<< [apiv2][status] GET https://firebase.googleapis.com/v1beta1/projects/-/webApps/1:938275106431:web:79c551d2ca75daf054594a/config 200
[debug] [2023-05-18T21:50:44.021Z] <<< [apiv2][body] GET https://firebase.googleapis.com/v1beta1/projects/-/webApps/1:938275106431:web:79c551d2ca75daf054594a/config {"projectId":"itsi-react-next","appId":"1:938275106431:web:79c551d2ca75daf054594a","databaseURL":"https://itsi-react-next-default-rtdb.firebaseio.com","storageBucket":"itsi-react-next.appspot.com","apiKey":"AIzaSyCF2BobbDoQWxTeHKoUkxVLv4IL93BRpEY","authDomain":"itsi-react-next.firebaseapp.com","messagingSenderId":"938275106431"}
[debug] [2023-05-18T21:50:53.654Z] TypeError: next is not a function
    at getDevModeHandle (C:\Users\50230\AppData\Roaming\npm\node_modules\firebase-tools\lib\frameworks\next\index.js:279:21)
    at async prepareFrameworks (C:\Users\50230\AppData\Roaming\npm\node_modules\firebase-tools\lib\frameworks\index.js:276:14)
    at async serve (C:\Users\50230\AppData\Roaming\npm\node_modules\firebase-tools\lib\serve\index.js:21:9)
[error] 
[error] Error: An unexpected error has occurred.
